0 info it worked if it ends with ok
1 verbose cli [ '/usr/local/bin/node',
1 verbose cli   '/usr/local/bin/npm',
1 verbose cli   'run',
1 verbose cli   'build-css' ]
2 info using npm@3.9.5
3 info using node@v6.2.2
4 verbose run-script [ 'prebuild-css', 'build-css', 'postbuild-css' ]
5 info lifecycle p4x4@0.0.0~prebuild-css: p4x4@0.0.0
6 silly lifecycle p4x4@0.0.0~prebuild-css: no script for prebuild-css, continuing
7 info lifecycle p4x4@0.0.0~build-css: p4x4@0.0.0
8 verbose lifecycle p4x4@0.0.0~build-css: unsafe-perm in lifecycle true
9 verbose lifecycle p4x4@0.0.0~build-css: PATH: /usr/local/lib/node_modules/npm/bin/node-gyp-bin:/Users/TJTorola/Desktop/p4x4/node_modules/.bin:/usr/local/bin:/Users/TJTorola/.rbenv/shims:/Applications/Postgres.app/Contents/Versions/9.5/bin:~/.composer/vendor/bin:/Library/Python/2.7/bin:/usr/local/bin:/usr/bin:/bin:/usr/sbin:/sbin:/opt/X11/bin:/Applications/clojure:
10 verbose lifecycle p4x4@0.0.0~build-css: CWD: /Users/TJTorola/Desktop/p4x4
11 silly lifecycle p4x4@0.0.0~build-css: Args: [ '-c', 'node css/build.js' ]
12 silly lifecycle p4x4@0.0.0~build-css: Returned: code: 1  signal: null
13 info lifecycle p4x4@0.0.0~build-css: Failed to exec build-css script
14 verbose stack Error: p4x4@0.0.0 build-css: `node css/build.js`
14 verbose stack Exit status 1
14 verbose stack     at EventEmitter.<anonymous> (/usr/local/lib/node_modules/npm/lib/utils/lifecycle.js:245:16)
14 verbose stack     at emitTwo (events.js:106:13)
14 verbose stack     at EventEmitter.emit (events.js:191:7)
14 verbose stack     at ChildProcess.<anonymous> (/usr/local/lib/node_modules/npm/lib/utils/spawn.js:24:14)
14 verbose stack     at emitTwo (events.js:106:13)
14 verbose stack     at ChildProcess.emit (events.js:191:7)
14 verbose stack     at maybeClose (internal/child_process.js:852:16)
14 verbose stack     at Process.ChildProcess._handle.onexit (internal/child_process.js:215:5)
15 verbose pkgid p4x4@0.0.0
16 verbose cwd /Users/TJTorola/Desktop/p4x4
17 error Darwin 15.6.0
18 error argv "/usr/local/bin/node" "/usr/local/bin/npm" "run" "build-css"
19 error node v6.2.2
20 error npm  v3.9.5
21 error code ELIFECYCLE
22 error p4x4@0.0.0 build-css: `node css/build.js`
22 error Exit status 1
23 error Failed at the p4x4@0.0.0 build-css script 'node css/build.js'.
23 error Make sure you have the latest version of node.js and npm installed.
23 error If you do, this is most likely a problem with the p4x4 package,
23 error not with npm itself.
23 error Tell the author that this fails on your system:
23 error     node css/build.js
23 error You can get information on how to open an issue for this project with:
23 error     npm bugs p4x4
23 error Or if that isn't available, you can get their info via:
23 error     npm owner ls p4x4
23 error There is likely additional logging output above.
24 verbose exit [ 1, true ]
